<?xml version="1.0" encoding="UTF-8"?>
<testsuite xmlns:xsi="http://www.w3.org/2001/XMLSchema-instance" xsi:noNamespaceSchemaLocation="https://maven.apache.org/surefire/maven-surefire-plugin/xsd/surefire-test-report-3.0.xsd" version="3.0" name="TestSuite" time="10.646" tests="13" errors="0" skipped="8" failures="4">
  <properties>
    <property name="java.specification.version" value="17"/>
    <property name="sun.cpu.isalist" value="amd64"/>
    <property name="sun.jnu.encoding" value="Cp1252"/>
    <property name="java.class.path" value="C:\Users\E008539\eclipse-workspace\com.coforge.framework.api\target\test-classes;C:\Users\E008539\eclipse-workspace\com.coforge.framework.api\target\classes;C:\Users\E008539\.m2\repository\org\testng\testng\7.5.1\testng-7.5.1.jar;C:\Users\E008539\.m2\repository\com\google\code\findbugs\jsr305\3.0.1\jsr305-3.0.1.jar;C:\Users\E008539\.m2\repository\com\beust\jcommander\1.78\jcommander-1.78.jar;C:\Users\E008539\.m2\repository\org\webjars\jquery\3.5.1\jquery-3.5.1.jar;C:\Users\E008539\.m2\repository\io\rest-assured\rest-assured\5.1.1\rest-assured-5.1.1.jar;C:\Users\E008539\.m2\repository\org\apache\groovy\groovy\4.0.1\groovy-4.0.1.jar;C:\Users\E008539\.m2\repository\org\apache\groovy\groovy-xml\4.0.1\groovy-xml-4.0.1.jar;C:\Users\E008539\.m2\repository\org\apache\httpcomponents\httpclient\4.5.13\httpclient-4.5.13.jar;C:\Users\E008539\.m2\repository\org\apache\httpcomponents\httpcore\4.4.13\httpcore-4.4.13.jar;C:\Users\E008539\.m2\repository\commons-logging\commons-logging\1.2\commons-logging-1.2.jar;C:\Users\E008539\.m2\repository\org\apache\httpcomponents\httpmime\4.5.13\httpmime-4.5.13.jar;C:\Users\E008539\.m2\repository\org\hamcrest\hamcrest\2.1\hamcrest-2.1.jar;C:\Users\E008539\.m2\repository\org\ccil\cowan\tagsoup\tagsoup\1.2.1\tagsoup-1.2.1.jar;C:\Users\E008539\.m2\repository\io\rest-assured\xml-path\5.1.1\xml-path-5.1.1.jar;C:\Users\E008539\.m2\repository\io\rest-assured\json-path\5.1.1\json-path-5.1.1.jar;C:\Users\E008539\.m2\repository\org\apache\groovy\groovy-json\4.0.1\groovy-json-4.0.1.jar;C:\Users\E008539\.m2\repository\io\rest-assured\rest-assured-common\5.1.1\rest-assured-common-5.1.1.jar;C:\Users\E008539\.m2\repository\org\json\json\20220320\json-20220320.jar;C:\Users\E008539\.m2\repository\io\rest-assured\json-schema-validator\5.1.1\json-schema-validator-5.1.1.jar;C:\Users\E008539\.m2\repository\com\github\java-json-tools\json-schema-validator\2.2.14\json-schema-validator-2.2.14.jar;C:\Users\E008539\.m2\repository\com\google\guava\guava\28.2-android\guava-28.2-android.jar;C:\Users\E008539\.m2\repository\com\google\guava\failureaccess\1.0.1\failureaccess-1.0.1.jar;C:\Users\E008539\.m2\repository\com\google\guava\listenablefuture\9999.0-empty-to-avoid-conflict-with-guava\listenablefuture-9999.0-empty-to-avoid-conflict-with-guava.jar;C:\Users\E008539\.m2\repository\org\checkerframework\checker-compat-qual\2.5.5\checker-compat-qual-2.5.5.jar;C:\Users\E008539\.m2\repository\com\google\errorprone\error_prone_annotations\2.3.4\error_prone_annotations-2.3.4.jar;C:\Users\E008539\.m2\repository\com\google\j2objc\j2objc-annotations\1.3\j2objc-annotations-1.3.jar;C:\Users\E008539\.m2\repository\com\github\java-json-tools\jackson-coreutils-equivalence\1.0\jackson-coreutils-equivalence-1.0.jar;C:\Users\E008539\.m2\repository\com\github\java-json-tools\jackson-coreutils\2.0\jackson-coreutils-2.0.jar;C:\Users\E008539\.m2\repository\com\github\java-json-tools\msg-simple\1.2\msg-simple-1.2.jar;C:\Users\E008539\.m2\repository\com\github\java-json-tools\btf\1.3\btf-1.3.jar;C:\Users\E008539\.m2\repository\com\github\java-json-tools\json-schema-core\1.2.14\json-schema-core-1.2.14.jar;C:\Users\E008539\.m2\repository\com\github\java-json-tools\uri-template\0.10\uri-template-0.10.jar;C:\Users\E008539\.m2\repository\org\mozilla\rhino\1.7.7.2\rhino-1.7.7.2.jar;C:\Users\E008539\.m2\repository\com\sun\mail\mailapi\1.6.2\mailapi-1.6.2.jar;C:\Users\E008539\.m2\repository\joda-time\joda-time\2.10.5\joda-time-2.10.5.jar;C:\Users\E008539\.m2\repository\com\googlecode\libphonenumber\libphonenumber\8.11.1\libphonenumber-8.11.1.jar;C:\Users\E008539\.m2\repository\net\sf\jopt-simple\jopt-simple\5.0.4\jopt-simple-5.0.4.jar;C:\Users\E008539\.m2\repository\com\github\scribejava\scribejava-apis\8.3.1\scribejava-apis-8.3.1.jar;C:\Users\E008539\.m2\repository\com\github\scribejava\scribejava-core\8.3.1\scribejava-core-8.3.1.jar;C:\Users\E008539\.m2\repository\com\github\scribejava\scribejava-java8\8.3.1\scribejava-java8-8.3.1.jar;C:\Users\E008539\.m2\repository\com\fasterxml\jackson\core\jackson-databind\2.12.3\jackson-databind-2.12.3.jar;C:\Users\E008539\.m2\repository\com\fasterxml\jackson\core\jackson-annotations\2.12.3\jackson-annotations-2.12.3.jar;C:\Users\E008539\.m2\repository\com\fasterxml\jackson\core\jackson-core\2.12.3\jackson-core-2.12.3.jar;C:\Users\E008539\.m2\repository\com\github\javafaker\javafaker\1.0.2\javafaker-1.0.2.jar;C:\Users\E008539\.m2\repository\org\apache\commons\commons-lang3\3.5\commons-lang3-3.5.jar;C:\Users\E008539\.m2\repository\org\yaml\snakeyaml\1.23\snakeyaml-1.23-android.jar;C:\Users\E008539\.m2\repository\com\github\mifmif\generex\1.0.2\generex-1.0.2.jar;C:\Users\E008539\.m2\repository\dk\brics\automaton\automaton\1.11-8\automaton-1.11-8.jar;C:\Users\E008539\.m2\repository\org\apache\poi\poi-ooxml\5.2.5\poi-ooxml-5.2.5.jar;C:\Users\E008539\.m2\repository\org\apache\poi\poi-ooxml-lite\5.2.5\poi-ooxml-lite-5.2.5.jar;C:\Users\E008539\.m2\repository\org\apache\xmlbeans\xmlbeans\5.2.0\xmlbeans-5.2.0.jar;C:\Users\E008539\.m2\repository\org\apache\commons\commons-compress\1.25.0\commons-compress-1.25.0.jar;C:\Users\E008539\.m2\repository\commons-io\commons-io\2.15.0\commons-io-2.15.0.jar;C:\Users\E008539\.m2\repository\com\github\virtuald\curvesapi\1.08\curvesapi-1.08.jar;C:\Users\E008539\.m2\repository\org\apache\logging\log4j\log4j-api\2.21.1\log4j-api-2.21.1.jar;C:\Users\E008539\.m2\repository\org\apache\commons\commons-collections4\4.4\commons-collections4-4.4.jar;C:\Users\E008539\.m2\repository\org\apache\poi\poi\5.2.5\poi-5.2.5.jar;C:\Users\E008539\.m2\repository\commons-codec\commons-codec\1.16.0\commons-codec-1.16.0.jar;C:\Users\E008539\.m2\repository\org\apache\commons\commons-math3\3.6.1\commons-math3-3.6.1.jar;C:\Users\E008539\.m2\repository\com\zaxxer\SparseBitSet\1.3\SparseBitSet-1.3.jar;C:\Users\E008539\.m2\repository\io\qameta\allure\allure-testng\2.18.1\allure-testng-2.18.1.jar;C:\Users\E008539\.m2\repository\io\qameta\allure\allure-java-commons\2.18.1\allure-java-commons-2.18.1.jar;C:\Users\E008539\.m2\repository\org\slf4j\slf4j-api\1.7.30\slf4j-api-1.7.30.jar;C:\Users\E008539\.m2\repository\io\qameta\allure\allure-model\2.18.1\allure-model-2.18.1.jar;C:\Users\E008539\.m2\repository\io\qameta\allure\allure-test-filter\2.18.1\allure-test-filter-2.18.1.jar;C:\Users\E008539\.m2\repository\io\cucumber\cucumber-java\7.15.0\cucumber-java-7.15.0.jar;C:\Users\E008539\.m2\repository\io\cucumber\cucumber-core\7.15.0\cucumber-core-7.15.0.jar;C:\Users\E008539\.m2\repository\io\cucumber\cucumber-gherkin\7.15.0\cucumber-gherkin-7.15.0.jar;C:\Users\E008539\.m2\repository\io\cucumber\cucumber-gherkin-messages\7.15.0\cucumber-gherkin-messages-7.15.0.jar;C:\Users\E008539\.m2\repository\io\cucumber\gherkin\26.2.0\gherkin-26.2.0.jar;C:\Users\E008539\.m2\repository\io\cucumber\messages\22.0.0\messages-22.0.0.jar;C:\Users\E008539\.m2\repository\io\cucumber\tag-expressions\6.0.0\tag-expressions-6.0.0.jar;C:\Users\E008539\.m2\repository\io\cucumber\cucumber-expressions\17.0.1\cucumber-expressions-17.0.1.jar;C:\Users\E008539\.m2\repository\io\cucumber\datatable\7.15.0\datatable-7.15.0.jar;C:\Users\E008539\.m2\repository\io\cucumber\cucumber-plugin\7.15.0\cucumber-plugin-7.15.0.jar;C:\Users\E008539\.m2\repository\io\cucumber\docstring\7.15.0\docstring-7.15.0.jar;C:\Users\E008539\.m2\repository\io\cucumber\html-formatter\20.4.0\html-formatter-20.4.0.jar;C:\Users\E008539\.m2\repository\io\cucumber\junit-xml-formatter\0.2.0\junit-xml-formatter-0.2.0.jar;C:\Users\E008539\.m2\repository\io\cucumber\ci-environment\10.0.0\ci-environment-10.0.0.jar;C:\Users\E008539\.m2\repository\org\apiguardian\apiguardian-api\1.1.2\apiguardian-api-1.1.2.jar;C:\Users\E008539\.m2\repository\io\cucumber\cucumber-junit\7.15.0\cucumber-junit-7.15.0.jar;C:\Users\E008539\.m2\repository\junit\junit\4.13.2\junit-4.13.2.jar;C:\Users\E008539\.m2\repository\org\hamcrest\hamcrest-core\1.3\hamcrest-core-1.3.jar;"/>
    <property name="java.vm.vendor" value="Eclipse Adoptium"/>
    <property name="sun.arch.data.model" value="64"/>
    <property name="user.variant" value=""/>
    <property name="java.vendor.url" value="https://adoptium.net/"/>
    <property name="user.timezone" value="Asia/Calcutta"/>
    <property name="os.name" value="Windows 10"/>
    <property name="java.vm.specification.version" value="17"/>
    <property name="sun.java.launcher" value="SUN_STANDARD"/>
    <property name="user.country" value="US"/>
    <property name="sun.boot.library.path" value="C:\Users\E008539\.p2\pool\plugins\org.eclipse.justj.openjdk.hotspot.jre.full.win32.x86_64_17.0.10.v20240120-1143\jre\bin"/>
    <property name="sun.java.command" value="C:\Users\E008539\AppData\Local\Temp\surefire8819021770535955575\surefirebooter-20241023124107352_3.jar C:\Users\E008539\AppData\Local\Temp\surefire8819021770535955575 2024-10-23T12-41-07_087-jvmRun1 surefire-20241023124107352_1tmp surefire_0-20241023124107352_2tmp"/>
    <property name="jdk.debug" value="release"/>
    <property name="surefire.test.class.path" value="C:\Users\E008539\eclipse-workspace\com.coforge.framework.api\target\test-classes;C:\Users\E008539\eclipse-workspace\com.coforge.framework.api\target\classes;C:\Users\E008539\.m2\repository\org\testng\testng\7.5.1\testng-7.5.1.jar;C:\Users\E008539\.m2\repository\com\google\code\findbugs\jsr305\3.0.1\jsr305-3.0.1.jar;C:\Users\E008539\.m2\repository\com\beust\jcommander\1.78\jcommander-1.78.jar;C:\Users\E008539\.m2\repository\org\webjars\jquery\3.5.1\jquery-3.5.1.jar;C:\Users\E008539\.m2\repository\io\rest-assured\rest-assured\5.1.1\rest-assured-5.1.1.jar;C:\Users\E008539\.m2\repository\org\apache\groovy\groovy\4.0.1\groovy-4.0.1.jar;C:\Users\E008539\.m2\repository\org\apache\groovy\groovy-xml\4.0.1\groovy-xml-4.0.1.jar;C:\Users\E008539\.m2\repository\org\apache\httpcomponents\httpclient\4.5.13\httpclient-4.5.13.jar;C:\Users\E008539\.m2\repository\org\apache\httpcomponents\httpcore\4.4.13\httpcore-4.4.13.jar;C:\Users\E008539\.m2\repository\commons-logging\commons-logging\1.2\commons-logging-1.2.jar;C:\Users\E008539\.m2\repository\org\apache\httpcomponents\httpmime\4.5.13\httpmime-4.5.13.jar;C:\Users\E008539\.m2\repository\org\hamcrest\hamcrest\2.1\hamcrest-2.1.jar;C:\Users\E008539\.m2\repository\org\ccil\cowan\tagsoup\tagsoup\1.2.1\tagsoup-1.2.1.jar;C:\Users\E008539\.m2\repository\io\rest-assured\xml-path\5.1.1\xml-path-5.1.1.jar;C:\Users\E008539\.m2\repository\io\rest-assured\json-path\5.1.1\json-path-5.1.1.jar;C:\Users\E008539\.m2\repository\org\apache\groovy\groovy-json\4.0.1\groovy-json-4.0.1.jar;C:\Users\E008539\.m2\repository\io\rest-assured\rest-assured-common\5.1.1\rest-assured-common-5.1.1.jar;C:\Users\E008539\.m2\repository\org\json\json\20220320\json-20220320.jar;C:\Users\E008539\.m2\repository\io\rest-assured\json-schema-validator\5.1.1\json-schema-validator-5.1.1.jar;C:\Users\E008539\.m2\repository\com\github\java-json-tools\json-schema-validator\2.2.14\json-schema-validator-2.2.14.jar;C:\Users\E008539\.m2\repository\com\google\guava\guava\28.2-android\guava-28.2-android.jar;C:\Users\E008539\.m2\repository\com\google\guava\failureaccess\1.0.1\failureaccess-1.0.1.jar;C:\Users\E008539\.m2\repository\com\google\guava\listenablefuture\9999.0-empty-to-avoid-conflict-with-guava\listenablefuture-9999.0-empty-to-avoid-conflict-with-guava.jar;C:\Users\E008539\.m2\repository\org\checkerframework\checker-compat-qual\2.5.5\checker-compat-qual-2.5.5.jar;C:\Users\E008539\.m2\repository\com\google\errorprone\error_prone_annotations\2.3.4\error_prone_annotations-2.3.4.jar;C:\Users\E008539\.m2\repository\com\google\j2objc\j2objc-annotations\1.3\j2objc-annotations-1.3.jar;C:\Users\E008539\.m2\repository\com\github\java-json-tools\jackson-coreutils-equivalence\1.0\jackson-coreutils-equivalence-1.0.jar;C:\Users\E008539\.m2\repository\com\github\java-json-tools\jackson-coreutils\2.0\jackson-coreutils-2.0.jar;C:\Users\E008539\.m2\repository\com\github\java-json-tools\msg-simple\1.2\msg-simple-1.2.jar;C:\Users\E008539\.m2\repository\com\github\java-json-tools\btf\1.3\btf-1.3.jar;C:\Users\E008539\.m2\repository\com\github\java-json-tools\json-schema-core\1.2.14\json-schema-core-1.2.14.jar;C:\Users\E008539\.m2\repository\com\github\java-json-tools\uri-template\0.10\uri-template-0.10.jar;C:\Users\E008539\.m2\repository\org\mozilla\rhino\1.7.7.2\rhino-1.7.7.2.jar;C:\Users\E008539\.m2\repository\com\sun\mail\mailapi\1.6.2\mailapi-1.6.2.jar;C:\Users\E008539\.m2\repository\joda-time\joda-time\2.10.5\joda-time-2.10.5.jar;C:\Users\E008539\.m2\repository\com\googlecode\libphonenumber\libphonenumber\8.11.1\libphonenumber-8.11.1.jar;C:\Users\E008539\.m2\repository\net\sf\jopt-simple\jopt-simple\5.0.4\jopt-simple-5.0.4.jar;C:\Users\E008539\.m2\repository\com\github\scribejava\scribejava-apis\8.3.1\scribejava-apis-8.3.1.jar;C:\Users\E008539\.m2\repository\com\github\scribejava\scribejava-core\8.3.1\scribejava-core-8.3.1.jar;C:\Users\E008539\.m2\repository\com\github\scribejava\scribejava-java8\8.3.1\scribejava-java8-8.3.1.jar;C:\Users\E008539\.m2\repository\com\fasterxml\jackson\core\jackson-databind\2.12.3\jackson-databind-2.12.3.jar;C:\Users\E008539\.m2\repository\com\fasterxml\jackson\core\jackson-annotations\2.12.3\jackson-annotations-2.12.3.jar;C:\Users\E008539\.m2\repository\com\fasterxml\jackson\core\jackson-core\2.12.3\jackson-core-2.12.3.jar;C:\Users\E008539\.m2\repository\com\github\javafaker\javafaker\1.0.2\javafaker-1.0.2.jar;C:\Users\E008539\.m2\repository\org\apache\commons\commons-lang3\3.5\commons-lang3-3.5.jar;C:\Users\E008539\.m2\repository\org\yaml\snakeyaml\1.23\snakeyaml-1.23-android.jar;C:\Users\E008539\.m2\repository\com\github\mifmif\generex\1.0.2\generex-1.0.2.jar;C:\Users\E008539\.m2\repository\dk\brics\automaton\automaton\1.11-8\automaton-1.11-8.jar;C:\Users\E008539\.m2\repository\org\apache\poi\poi-ooxml\5.2.5\poi-ooxml-5.2.5.jar;C:\Users\E008539\.m2\repository\org\apache\poi\poi-ooxml-lite\5.2.5\poi-ooxml-lite-5.2.5.jar;C:\Users\E008539\.m2\repository\org\apache\xmlbeans\xmlbeans\5.2.0\xmlbeans-5.2.0.jar;C:\Users\E008539\.m2\repository\org\apache\commons\commons-compress\1.25.0\commons-compress-1.25.0.jar;C:\Users\E008539\.m2\repository\commons-io\commons-io\2.15.0\commons-io-2.15.0.jar;C:\Users\E008539\.m2\repository\com\github\virtuald\curvesapi\1.08\curvesapi-1.08.jar;C:\Users\E008539\.m2\repository\org\apache\logging\log4j\log4j-api\2.21.1\log4j-api-2.21.1.jar;C:\Users\E008539\.m2\repository\org\apache\commons\commons-collections4\4.4\commons-collections4-4.4.jar;C:\Users\E008539\.m2\repository\org\apache\poi\poi\5.2.5\poi-5.2.5.jar;C:\Users\E008539\.m2\repository\commons-codec\commons-codec\1.16.0\commons-codec-1.16.0.jar;C:\Users\E008539\.m2\repository\org\apache\commons\commons-math3\3.6.1\commons-math3-3.6.1.jar;C:\Users\E008539\.m2\repository\com\zaxxer\SparseBitSet\1.3\SparseBitSet-1.3.jar;C:\Users\E008539\.m2\repository\io\qameta\allure\allure-testng\2.18.1\allure-testng-2.18.1.jar;C:\Users\E008539\.m2\repository\io\qameta\allure\allure-java-commons\2.18.1\allure-java-commons-2.18.1.jar;C:\Users\E008539\.m2\repository\org\slf4j\slf4j-api\1.7.30\slf4j-api-1.7.30.jar;C:\Users\E008539\.m2\repository\io\qameta\allure\allure-model\2.18.1\allure-model-2.18.1.jar;C:\Users\E008539\.m2\repository\io\qameta\allure\allure-test-filter\2.18.1\allure-test-filter-2.18.1.jar;C:\Users\E008539\.m2\repository\io\cucumber\cucumber-java\7.15.0\cucumber-java-7.15.0.jar;C:\Users\E008539\.m2\repository\io\cucumber\cucumber-core\7.15.0\cucumber-core-7.15.0.jar;C:\Users\E008539\.m2\repository\io\cucumber\cucumber-gherkin\7.15.0\cucumber-gherkin-7.15.0.jar;C:\Users\E008539\.m2\repository\io\cucumber\cucumber-gherkin-messages\7.15.0\cucumber-gherkin-messages-7.15.0.jar;C:\Users\E008539\.m2\repository\io\cucumber\gherkin\26.2.0\gherkin-26.2.0.jar;C:\Users\E008539\.m2\repository\io\cucumber\messages\22.0.0\messages-22.0.0.jar;C:\Users\E008539\.m2\repository\io\cucumber\tag-expressions\6.0.0\tag-expressions-6.0.0.jar;C:\Users\E008539\.m2\repository\io\cucumber\cucumber-expressions\17.0.1\cucumber-expressions-17.0.1.jar;C:\Users\E008539\.m2\repository\io\cucumber\datatable\7.15.0\datatable-7.15.0.jar;C:\Users\E008539\.m2\repository\io\cucumber\cucumber-plugin\7.15.0\cucumber-plugin-7.15.0.jar;C:\Users\E008539\.m2\repository\io\cucumber\docstring\7.15.0\docstring-7.15.0.jar;C:\Users\E008539\.m2\repository\io\cucumber\html-formatter\20.4.0\html-formatter-20.4.0.jar;C:\Users\E008539\.m2\repository\io\cucumber\junit-xml-formatter\0.2.0\junit-xml-formatter-0.2.0.jar;C:\Users\E008539\.m2\repository\io\cucumber\ci-environment\10.0.0\ci-environment-10.0.0.jar;C:\Users\E008539\.m2\repository\org\apiguardian\apiguardian-api\1.1.2\apiguardian-api-1.1.2.jar;C:\Users\E008539\.m2\repository\io\cucumber\cucumber-junit\7.15.0\cucumber-junit-7.15.0.jar;C:\Users\E008539\.m2\repository\junit\junit\4.13.2\junit-4.13.2.jar;C:\Users\E008539\.m2\repository\org\hamcrest\hamcrest-core\1.3\hamcrest-core-1.3.jar;"/>
    <property name="sun.cpu.endian" value="little"/>
    <property name="user.home" value="C:\Users\E008539"/>
    <property name="user.language" value="en"/>
    <property name="java.specification.vendor" value="Oracle Corporation"/>
    <property name="java.version.date" value="2024-01-16"/>
    <property name="java.home" value="C:\Users\E008539\.p2\pool\plugins\org.eclipse.justj.openjdk.hotspot.jre.full.win32.x86_64_17.0.10.v20240120-1143\jre"/>
    <property name="file.separator" value="\"/>
    <property name="style.color" value="always"/>
    <property name="basedir" value="C:\Users\E008539\eclipse-workspace\com.coforge.framework.api"/>
    <property name="java.vm.compressedOopsMode" value="Zero based"/>
    <property name="line.separator" value="&#10;"/>
    <property name="java.vm.specification.vendor" value="Oracle Corporation"/>
    <property name="java.specification.name" value="Java Platform API Specification"/>
    <property name="surefire.real.class.path" value="C:\Users\E008539\AppData\Local\Temp\surefire8819021770535955575\surefirebooter-20241023124107352_3.jar"/>
    <property name="user.script" value=""/>
    <property name="sun.management.compiler" value="HotSpot 64-Bit Tiered Compilers"/>
    <property name="java.runtime.version" value="17.0.10+7"/>
    <property name="user.name" value="E008539"/>
    <property name="path.separator" value=";"/>
    <property name="os.version" value="10.0"/>
    <property name="java.runtime.name" value="OpenJDK Runtime Environment"/>
    <property name="file.encoding" value="Cp1252"/>
    <property name="java.vm.name" value="OpenJDK 64-Bit Server VM"/>
    <property name="java.vendor.version" value="Temurin-17.0.10+7"/>
    <property name="localRepository" value="C:\Users\E008539\.m2\repository"/>
    <property name="java.vendor.url.bug" value="https://github.com/adoptium/adoptium-support/issues"/>
    <property name="java.io.tmpdir" value="C:\Users\E008539\AppData\Local\Temp\"/>
    <property name="java.version" value="17.0.10"/>
    <property name="user.dir" value="C:\Users\E008539\eclipse-workspace\com.coforge.framework.api"/>
    <property name="os.arch" value="amd64"/>
    <property name="java.vm.specification.name" value="Java Virtual Machine Specification"/>
    <property name="sun.os.patch.level" value=""/>
    <property name="native.encoding" value="Cp1252"/>
    <property name="java.library.path" value="C:\Users\E008539\.p2\pool\plugins\org.eclipse.justj.openjdk.hotspot.jre.full.win32.x86_64_17.0.10.v20240120-1143\jre\bin;C:\WINDOWS\Sun\Java\bin;C:\WINDOWS\system32;C:\WINDOWS;C:/Users/E008539/.p2/pool/plugins/org.eclipse.justj.openjdk.hotspot.jre.full.win32.x86_64_17.0.10.v20240120-1143/jre/bin/server;C:/Users/E008539/.p2/pool/plugins/org.eclipse.justj.openjdk.hotspot.jre.full.win32.x86_64_17.0.10.v20240120-1143/jre/bin;C:\Program Files (x86)\Common Files\Oracle\Java\javapath;C:\WINDOWS\system32;C:\WINDOWS;C:\WINDOWS\System32\Wbem;C:\WINDOWS\System32\WindowsPowerShell\v1.0\;C:\WINDOWS\System32\OpenSSH\;C:\Program Files\Java\jdk-1.8\bin;C:\Program Files\Java\jre-1.8\bin;C:\Program Files\Apache Software Foundation\Tomcat 9.0\bin;C:\Program Files\dotnet\;C:\Program Files\nodejs\;C:\Users\E008539\scoop\shims;C:\Users\E008539\AppData\Local\Microsoft\WindowsApps;C:\Users\E008539\AppData\Local\Programs\Microsoft VS Code\bin;C:\Users\E008539\AppData\Roaming\npm;C:\Users\E008539\AppData\Local\Microsoft\WinGet\Packages\Schniz.fnm_Microsoft.Winget.Source_8wekyb3d8bbwe;;C:\WINDOWS\System32;;."/>
    <property name="java.vm.info" value="mixed mode"/>
    <property name="java.vendor" value="Eclipse Adoptium"/>
    <property name="java.vm.version" value="17.0.10+7"/>
    <property name="sun.io.unicode.encoding" value="UnicodeLittle"/>
    <property name="java.class.version" value="61.0"/>
  </properties>
  <testcase name="TestPostUser" classname="api.test.UserTest" time="0.0">
    <skipped message="object cannot be null"/>
    <system-err><![CDATA[SLF4J: Failed to load class "org.slf4j.impl.StaticLoggerBinder".
SLF4J: Defaulting to no-operation (NOP) logger implementation
SLF4J: See http://www.slf4j.org/codes.html#StaticLoggerBinder for further details.
]]></system-err>
  </testcase>
  <testcase name="TestPostUser" classname="api.test.UserTest" time="0.0">
    <skipped message="object cannot be null"/>
  </testcase>
  <testcase name="TestPostUser" classname="api.test.UserTest" time="0.013">
    <failure message="object cannot be null" type="java.lang.IllegalArgumentException"><![CDATA[java.lang.IllegalArgumentException: object cannot be null
	at java.base/jdk.internal.reflect.NativeConstructorAccessorImpl.newInstance0(Native Method)
	at java.base/jdk.internal.reflect.NativeConstructorAccessorImpl.newInstance(NativeConstructorAccessorImpl.java:77)
	at java.base/jdk.internal.reflect.DelegatingConstructorAccessorImpl.newInstance(DelegatingConstructorAccessorImpl.java:45)
	at java.base/java.lang.reflect.Constructor.newInstanceWithCaller(Constructor.java:499)
	at java.base/java.lang.reflect.Constructor.newInstance(Constructor.java:480)
	at org.codehaus.groovy.reflection.CachedConstructor.invoke(CachedConstructor.java:73)
	at org.codehaus.groovy.reflection.CachedConstructor.doConstructorInvoke(CachedConstructor.java:60)
	at org.codehaus.groovy.runtime.callsite.ConstructorSite$ConstructorSiteNoUnwrap.callConstructor(ConstructorSite.java:86)
	at org.codehaus.groovy.runtime.callsite.AbstractCallSite.callConstructor(AbstractCallSite.java:277)
	at io.restassured.internal.common.assertion.AssertParameter.notNull(AssertParameter.groovy:26)
	at io.restassured.internal.common.assertion.AssertParameter$notNull.callStatic(Unknown Source)
	at io.restassured.internal.RequestSpecificationImpl.body(RequestSpecificationImpl.groovy:751)
	at api.endpoints.UserEndPoint.CreateUser(UserEndPoint.java:22)
	at api.test.UserTest.TestPostUser(UserTest.java:42)
	at java.base/jdk.internal.reflect.NativeMethodAccessorImpl.invoke0(Native Method)
	at java.base/jdk.internal.reflect.NativeMethodAccessorImpl.invoke(NativeMethodAccessorImpl.java:77)
	at java.base/jdk.internal.reflect.DelegatingMethodAccessorImpl.invoke(DelegatingMethodAccessorImpl.java:43)
	at java.base/java.lang.reflect.Method.invoke(Method.java:568)
	at org.testng.internal.invokers.MethodInvocationHelper.invokeMethod(MethodInvocationHelper.java:136)
	at org.testng.internal.invokers.TestInvoker.invokeMethod(TestInvoker.java:658)
	at org.testng.internal.invokers.TestInvoker.retryFailed(TestInvoker.java:261)
	at org.testng.internal.invokers.MethodRunner.runInSequence(MethodRunner.java:62)
	at org.testng.internal.invokers.TestInvoker$MethodInvocationAgent.invoke(TestInvoker.java:923)
	at org.testng.internal.invokers.TestInvoker.invokeTestMethods(TestInvoker.java:192)
	at org.testng.internal.invokers.TestMethodWorker.invokeTestMethods(TestMethodWorker.java:146)
	at org.testng.internal.invokers.TestMethodWorker.run(TestMethodWorker.java:128)
	at java.base/java.util.ArrayList.forEach(ArrayList.java:1511)
	at org.testng.TestRunner.privateRun(TestRunner.java:808)
	at org.testng.TestRunner.run(TestRunner.java:603)
	at org.testng.SuiteRunner.runTest(SuiteRunner.java:429)
	at org.testng.SuiteRunner.runSequentially(SuiteRunner.java:423)
	at org.testng.SuiteRunner.privateRun(SuiteRunner.java:383)
	at org.testng.SuiteRunner.run(SuiteRunner.java:326)
	at org.testng.SuiteRunnerWorker.runSuite(SuiteRunnerWorker.java:52)
	at org.testng.SuiteRunnerWorker.run(SuiteRunnerWorker.java:95)
	at org.testng.TestNG.runSuitesSequentially(TestNG.java:1249)
	at org.testng.TestNG.runSuitesLocally(TestNG.java:1169)
	at org.testng.TestNG.runSuites(TestNG.java:1092)
	at org.testng.TestNG.run(TestNG.java:1060)
	at org.apache.maven.surefire.testng.TestNGExecutor.run(TestNGExecutor.java:155)
	at org.apache.maven.surefire.testng.TestNGDirectoryTestSuite.executeMulti(TestNGDirectoryTestSuite.java:169)
	at org.apache.maven.surefire.testng.TestNGDirectoryTestSuite.execute(TestNGDirectoryTestSuite.java:88)
	at org.apache.maven.surefire.testng.TestNGProvider.invoke(TestNGProvider.java:137)
	at org.apache.maven.surefire.booter.ForkedBooter.runSuitesInProcess(ForkedBooter.java:385)
	at org.apache.maven.surefire.booter.ForkedBooter.execute(ForkedBooter.java:162)
	at org.apache.maven.surefire.booter.ForkedBooter.run(ForkedBooter.java:507)
	at org.apache.maven.surefire.booter.ForkedBooter.main(ForkedBooter.java:495)
]]></failure>
  </testcase>
  <testcase name="TestGetUser" classname="api.test.UserTest" time="0.0">
    <skipped message="Cannot invoke &quot;api.payload.User.getUsername()&quot; because &quot;this.Userpayload&quot; is null"/>
  </testcase>
  <testcase name="TestGetUser" classname="api.test.UserTest" time="0.0">
    <skipped message="Cannot invoke &quot;api.payload.User.getUsername()&quot; because &quot;this.Userpayload&quot; is null"/>
  </testcase>
  <testcase name="TestGetUser" classname="api.test.UserTest" time="0.007">
    <failure message="Cannot invoke &quot;api.payload.User.getUsername()&quot; because &quot;this.Userpayload&quot; is null" type="java.lang.NullPointerException"><![CDATA[java.lang.NullPointerException: Cannot invoke "api.payload.User.getUsername()" because "this.Userpayload" is null
	at api.test.UserTest.TestGetUser(UserTest.java:52)
	at java.base/jdk.internal.reflect.NativeMethodAccessorImpl.invoke0(Native Method)
	at java.base/jdk.internal.reflect.NativeMethodAccessorImpl.invoke(NativeMethodAccessorImpl.java:77)
	at java.base/jdk.internal.reflect.DelegatingMethodAccessorImpl.invoke(DelegatingMethodAccessorImpl.java:43)
	at java.base/java.lang.reflect.Method.invoke(Method.java:568)
	at org.testng.internal.invokers.MethodInvocationHelper.invokeMethod(MethodInvocationHelper.java:136)
	at org.testng.internal.invokers.TestInvoker.invokeMethod(TestInvoker.java:658)
	at org.testng.internal.invokers.TestInvoker.retryFailed(TestInvoker.java:261)
	at org.testng.internal.invokers.MethodRunner.runInSequence(MethodRunner.java:62)
	at org.testng.internal.invokers.TestInvoker$MethodInvocationAgent.invoke(TestInvoker.java:923)
	at org.testng.internal.invokers.TestInvoker.invokeTestMethods(TestInvoker.java:192)
	at org.testng.internal.invokers.TestMethodWorker.invokeTestMethods(TestMethodWorker.java:146)
	at org.testng.internal.invokers.TestMethodWorker.run(TestMethodWorker.java:128)
	at java.base/java.util.ArrayList.forEach(ArrayList.java:1511)
	at org.testng.TestRunner.privateRun(TestRunner.java:808)
	at org.testng.TestRunner.run(TestRunner.java:603)
	at org.testng.SuiteRunner.runTest(SuiteRunner.java:429)
	at org.testng.SuiteRunner.runSequentially(SuiteRunner.java:423)
	at org.testng.SuiteRunner.privateRun(SuiteRunner.java:383)
	at org.testng.SuiteRunner.run(SuiteRunner.java:326)
	at org.testng.SuiteRunnerWorker.runSuite(SuiteRunnerWorker.java:52)
	at org.testng.SuiteRunnerWorker.run(SuiteRunnerWorker.java:95)
	at org.testng.TestNG.runSuitesSequentially(TestNG.java:1249)
	at org.testng.TestNG.runSuitesLocally(TestNG.java:1169)
	at org.testng.TestNG.runSuites(TestNG.java:1092)
	at org.testng.TestNG.run(TestNG.java:1060)
	at org.apache.maven.surefire.testng.TestNGExecutor.run(TestNGExecutor.java:155)
	at org.apache.maven.surefire.testng.TestNGDirectoryTestSuite.executeMulti(TestNGDirectoryTestSuite.java:169)
	at org.apache.maven.surefire.testng.TestNGDirectoryTestSuite.execute(TestNGDirectoryTestSuite.java:88)
	at org.apache.maven.surefire.testng.TestNGProvider.invoke(TestNGProvider.java:137)
	at org.apache.maven.surefire.booter.ForkedBooter.runSuitesInProcess(ForkedBooter.java:385)
	at org.apache.maven.surefire.booter.ForkedBooter.execute(ForkedBooter.java:162)
	at org.apache.maven.surefire.booter.ForkedBooter.run(ForkedBooter.java:507)
	at org.apache.maven.surefire.booter.ForkedBooter.main(ForkedBooter.java:495)
]]></failure>
  </testcase>
  <testcase name="TestUpdateUserbyName" classname="api.test.UserTest" time="0.0">
    <skipped message="Cannot invoke &quot;com.github.javafaker.Faker.name()&quot; because &quot;this.faker&quot; is null"/>
  </testcase>
  <testcase name="TestUpdateUserbyName" classname="api.test.UserTest" time="0.0">
    <skipped message="Cannot invoke &quot;com.github.javafaker.Faker.name()&quot; because &quot;this.faker&quot; is null"/>
  </testcase>
  <testcase name="TestUpdateUserbyName" classname="api.test.UserTest" time="0.006">
    <failure message="Cannot invoke &quot;com.github.javafaker.Faker.name()&quot; because &quot;this.faker&quot; is null" type="java.lang.NullPointerException"><![CDATA[java.lang.NullPointerException: Cannot invoke "com.github.javafaker.Faker.name()" because "this.faker" is null
	at api.test.UserTest.TestUpdateUserbyName(UserTest.java:62)
	at java.base/jdk.internal.reflect.NativeMethodAccessorImpl.invoke0(Native Method)
	at java.base/jdk.internal.reflect.NativeMethodAccessorImpl.invoke(NativeMethodAccessorImpl.java:77)
	at java.base/jdk.internal.reflect.DelegatingMethodAccessorImpl.invoke(DelegatingMethodAccessorImpl.java:43)
	at java.base/java.lang.reflect.Method.invoke(Method.java:568)
	at org.testng.internal.invokers.MethodInvocationHelper.invokeMethod(MethodInvocationHelper.java:136)
	at org.testng.internal.invokers.TestInvoker.invokeMethod(TestInvoker.java:658)
	at org.testng.internal.invokers.TestInvoker.retryFailed(TestInvoker.java:261)
	at org.testng.internal.invokers.MethodRunner.runInSequence(MethodRunner.java:62)
	at org.testng.internal.invokers.TestInvoker$MethodInvocationAgent.invoke(TestInvoker.java:923)
	at org.testng.internal.invokers.TestInvoker.invokeTestMethods(TestInvoker.java:192)
	at org.testng.internal.invokers.TestMethodWorker.invokeTestMethods(TestMethodWorker.java:146)
	at org.testng.internal.invokers.TestMethodWorker.run(TestMethodWorker.java:128)
	at java.base/java.util.ArrayList.forEach(ArrayList.java:1511)
	at org.testng.TestRunner.privateRun(TestRunner.java:808)
	at org.testng.TestRunner.run(TestRunner.java:603)
	at org.testng.SuiteRunner.runTest(SuiteRunner.java:429)
	at org.testng.SuiteRunner.runSequentially(SuiteRunner.java:423)
	at org.testng.SuiteRunner.privateRun(SuiteRunner.java:383)
	at org.testng.SuiteRunner.run(SuiteRunner.java:326)
	at org.testng.SuiteRunnerWorker.runSuite(SuiteRunnerWorker.java:52)
	at org.testng.SuiteRunnerWorker.run(SuiteRunnerWorker.java:95)
	at org.testng.TestNG.runSuitesSequentially(TestNG.java:1249)
	at org.testng.TestNG.runSuitesLocally(TestNG.java:1169)
	at org.testng.TestNG.runSuites(TestNG.java:1092)
	at org.testng.TestNG.run(TestNG.java:1060)
	at org.apache.maven.surefire.testng.TestNGExecutor.run(TestNGExecutor.java:155)
	at org.apache.maven.surefire.testng.TestNGDirectoryTestSuite.executeMulti(TestNGDirectoryTestSuite.java:169)
	at org.apache.maven.surefire.testng.TestNGDirectoryTestSuite.execute(TestNGDirectoryTestSuite.java:88)
	at org.apache.maven.surefire.testng.TestNGProvider.invoke(TestNGProvider.java:137)
	at org.apache.maven.surefire.booter.ForkedBooter.runSuitesInProcess(ForkedBooter.java:385)
	at org.apache.maven.surefire.booter.ForkedBooter.execute(ForkedBooter.java:162)
	at org.apache.maven.surefire.booter.ForkedBooter.run(ForkedBooter.java:507)
	at org.apache.maven.surefire.booter.ForkedBooter.main(ForkedBooter.java:495)
]]></failure>
  </testcase>
  <testcase name="DeleteUser" classname="api.test.UserTest" time="0.0">
    <skipped message="Cannot invoke &quot;api.payload.User.getUsername()&quot; because &quot;this.Userpayload&quot; is null"/>
  </testcase>
  <testcase name="DeleteUser" classname="api.test.UserTest" time="0.0">
    <skipped message="Cannot invoke &quot;api.payload.User.getUsername()&quot; because &quot;this.Userpayload&quot; is null"/>
  </testcase>
  <testcase name="DeleteUser" classname="api.test.UserTest" time="0.004">
    <failure message="Cannot invoke &quot;api.payload.User.getUsername()&quot; because &quot;this.Userpayload&quot; is null" type="java.lang.NullPointerException"><![CDATA[java.lang.NullPointerException: Cannot invoke "api.payload.User.getUsername()" because "this.Userpayload" is null
	at api.test.UserTest.DeleteUser(UserTest.java:78)
	at java.base/jdk.internal.reflect.NativeMethodAccessorImpl.invoke0(Native Method)
	at java.base/jdk.internal.reflect.NativeMethodAccessorImpl.invoke(NativeMethodAccessorImpl.java:77)
	at java.base/jdk.internal.reflect.DelegatingMethodAccessorImpl.invoke(DelegatingMethodAccessorImpl.java:43)
	at java.base/java.lang.reflect.Method.invoke(Method.java:568)
	at org.testng.internal.invokers.MethodInvocationHelper.invokeMethod(MethodInvocationHelper.java:136)
	at org.testng.internal.invokers.TestInvoker.invokeMethod(TestInvoker.java:658)
	at org.testng.internal.invokers.TestInvoker.retryFailed(TestInvoker.java:261)
	at org.testng.internal.invokers.MethodRunner.runInSequence(MethodRunner.java:62)
	at org.testng.internal.invokers.TestInvoker$MethodInvocationAgent.invoke(TestInvoker.java:923)
	at org.testng.internal.invokers.TestInvoker.invokeTestMethods(TestInvoker.java:192)
	at org.testng.internal.invokers.TestMethodWorker.invokeTestMethods(TestMethodWorker.java:146)
	at org.testng.internal.invokers.TestMethodWorker.run(TestMethodWorker.java:128)
	at java.base/java.util.ArrayList.forEach(ArrayList.java:1511)
	at org.testng.TestRunner.privateRun(TestRunner.java:808)
	at org.testng.TestRunner.run(TestRunner.java:603)
	at org.testng.SuiteRunner.runTest(SuiteRunner.java:429)
	at org.testng.SuiteRunner.runSequentially(SuiteRunner.java:423)
	at org.testng.SuiteRunner.privateRun(SuiteRunner.java:383)
	at org.testng.SuiteRunner.run(SuiteRunner.java:326)
	at org.testng.SuiteRunnerWorker.runSuite(SuiteRunnerWorker.java:52)
	at org.testng.SuiteRunnerWorker.run(SuiteRunnerWorker.java:95)
	at org.testng.TestNG.runSuitesSequentially(TestNG.java:1249)
	at org.testng.TestNG.runSuitesLocally(TestNG.java:1169)
	at org.testng.TestNG.runSuites(TestNG.java:1092)
	at org.testng.TestNG.run(TestNG.java:1060)
	at org.apache.maven.surefire.testng.TestNGExecutor.run(TestNGExecutor.java:155)
	at org.apache.maven.surefire.testng.TestNGDirectoryTestSuite.executeMulti(TestNGDirectoryTestSuite.java:169)
	at org.apache.maven.surefire.testng.TestNGDirectoryTestSuite.execute(TestNGDirectoryTestSuite.java:88)
	at org.apache.maven.surefire.testng.TestNGProvider.invoke(TestNGProvider.java:137)
	at org.apache.maven.surefire.booter.ForkedBooter.runSuitesInProcess(ForkedBooter.java:385)
	at org.apache.maven.surefire.booter.ForkedBooter.execute(ForkedBooter.java:162)
	at org.apache.maven.surefire.booter.ForkedBooter.run(ForkedBooter.java:507)
	at org.apache.maven.surefire.booter.ForkedBooter.main(ForkedBooter.java:495)
]]></failure>
  </testcase>
  <testcase name="f" classname="NewTest" time="0.006"/>
</testsuite>