<?xml version="1.0" encoding="UTF-8"?>
<!-- Generated by org.testng.reporters.JUnitReportReporter -->
<testsuite hostname="LP004288" failures="0" tests="4" name="api.test.UserTest" time="29.054" errors="0" timestamp="2024-10-10T21:53:41 IST" skipped="0">
  <testcase classname="api.test.UserTest" name="TestPostUser" time="4.581"/>
  <system-out/>
  <testcase classname="api.test.UserTest" name="TestGetUser" time="5.411"/>
  <system-out/>
  <testcase classname="api.test.UserTest" name="TestUpdateUserbyName" time="17.898"/>
  <system-out/>
  <testcase classname="api.test.UserTest" name="DeleteUser" time="1.164"/>
  <system-out/>
</testsuite> <!-- api.test.UserTest -->
